<?xml version="1.0" encoding="UTF-8"?>
<!-- Generated by org.testng.reporters.JUnitReportReporter -->
<testsuite hostname="LAPTOP-VFE4F9K1" failures="0" tests="4" name="testScripts.SuiteTest" time="0.011" errors="0" timestamp="06 Aug 2020 06:33:01 GMT" skipped="0">
  <testcase classname="testScripts.SuiteTest" name="testMethodTwo" time="0.001"/>
  <testcase classname="testScripts.SuiteTest" name="testMethodTwo" time="0.001"/>
  <testcase classname="testScripts.SuiteTest" name="testMethodOne" time="0.004"/>
  <testcase classname="testScripts.SuiteTest" name="testMethodOne" time="0.005"/>
</testsuite> <!-- testScripts.SuiteTest -->
