<?xml version="1.0" encoding="UTF-8"?>
<!-- Generated by org.testng.reporters.JUnitReportReporter -->
<testsuite hostname="LAPTOP-VFE4F9K1" failures="0" tests="4" name="testScripts.FactorySample$SimpleTest" time="0.018" errors="0" timestamp="06 Aug 2020 15:02:05 GMT" skipped="0">
  <testcase classname="testScripts.FactorySample$SimpleTest" name="testone" time="0.014"/>
  <testcase classname="testScripts.FactorySample$SimpleTest" name="testtwo" time="0.001"/>
  <testcase classname="testScripts.FactorySample$SimpleTest" name="testtwo" time="0.001"/>
  <testcase classname="testScripts.FactorySample$SimpleTest" name="testone" time="0.002"/>
</testsuite> <!-- testScripts.FactorySample$SimpleTest -->
