<?xml version="1.0" encoding="UTF-8"?>
<!-- Generated by org.testng.reporters.JUnitReportReporter -->
<testsuite hostname="LAPTOP-VFE4F9K1" failures="0" tests="3" name="testScripts.DataProviderTest" time="6.892" errors="0" timestamp="06 Aug 2020 14:05:46 GMT" skipped="0">
  <testcase classname="testScripts.DataProviderTest" name="loginTest" time="2.339"/>
  <testcase classname="testScripts.DataProviderTest" name="loginTest" time="2.320"/>
  <testcase classname="testScripts.DataProviderTest" name="loginTest" time="2.233"/>
</testsuite> <!-- testScripts.DataProviderTest -->
