<?xml version="1.0" encoding="UTF-8"?>
<!-- Generated by org.testng.reporters.JUnitReportReporter -->
<testsuite hostname="LAPTOP-VFE4F9K1" failures="0" tests="1" name="testScripts.DataParam" time="2.310" errors="0" timestamp="06 Aug 2020 13:46:36 GMT" skipped="0">
  <testcase classname="testScripts.DataParam" name="loginTest" time="2.310"/>
</testsuite> <!-- testScripts.DataParam -->
