<?xml version="1.0" encoding="UTF-8"?>
<!-- Generated by org.testng.reporters.JUnitReportReporter -->
<testsuite hostname="LAPTOP-VFE4F9K1" failures="0" tests="4" name="testScripts.GroupTwoSampleThread" time="0.019" errors="0" timestamp="03 Dec 2020 05:48:23 GMT" skipped="0">
  <testcase classname="testScripts.GroupTwoSampleThread" name="testSubtract" time="0.002"/>
  <testcase classname="testScripts.GroupTwoSampleThread" name="testAdd" time="0.014"/>
  <testcase classname="testScripts.GroupTwoSampleThread" name="testDivide" time="0.002"/>
  <testcase classname="testScripts.GroupTwoSampleThread" name="testMultiply" time="0.001"/>
</testsuite> <!-- testScripts.GroupTwoSampleThread -->
