<?xml version="1.0" encoding="UTF-8"?>
<!-- Generated by org.testng.reporters.JUnitReportReporter -->
<testsuite hostname="LAPTOP-VFE4F9K1" failures="0" tests="4" name="testScripts.GroupSampleTest" time="0.018" errors="0" timestamp="03 Dec 2020 05:48:23 GMT" skipped="0">
  <testcase classname="testScripts.GroupSampleTest" name="testMultiply" time="0.001"/>
  <testcase classname="testScripts.GroupSampleTest" name="testSubtract" time="0.001"/>
  <testcase classname="testScripts.GroupSampleTest" name="testAdd" time="0.014"/>
  <testcase classname="testScripts.GroupSampleTest" name="testDivide" time="0.002"/>
</testsuite> <!-- testScripts.GroupSampleTest -->
