<?xml version="1.0" encoding="UTF-8"?>
<!-- Generated by org.testng.reporters.JUnitReportReporter -->
<testsuite hostname="LAPTOP-VFE4F9K1" failures="0" tests="6" name="testScripts.IndependentThread" time="0.034" errors="0" timestamp="05 Aug 2020 14:32:17 GMT" skipped="0">
  <testcase classname="testScripts.IndependentThread" name="testMethod" time="0.013"/>
  <testcase classname="testScripts.IndependentThread" name="testMethod" time="0.013"/>
  <testcase classname="testScripts.IndependentThread" name="testMethod" time="0.002"/>
  <testcase classname="testScripts.IndependentThread" name="testMethod" time="0.002"/>
  <testcase classname="testScripts.IndependentThread" name="testMethod" time="0.002"/>
  <testcase classname="testScripts.IndependentThread" name="testMethod" time="0.002"/>
</testsuite> <!-- testScripts.IndependentThread -->
